CRITICAL - 2023-07-02 02:50:28 --> Invalid file: halo_view.php
#0 /home/web2kelompok8my/public_html/system/View/View.php(198): CodeIgniter\Exceptions\FrameworkException::forInvalidFile('halo_view.php')
#1 /home/web2kelompok8my/public_html/system/Common.php(1089): CodeIgniter\View\View->render('halo_view', Array, true)
#2 /home/web2kelompok8my/public_html/app/Controllers/Halo.php(11): view('halo_view', Array)
#3 /home/web2kelompok8my/public_html/system/CodeIgniter.php(832): App\Controllers\Halo->index()
#4 /home/web2kelompok8my/public_html/system/CodeIgniter.php(419): CodeIgniter\CodeIgniter->runController(Object(App\Controllers\Halo))
#5 /home/web2kelompok8my/public_html/system/CodeIgniter.php(326): CodeIgniter\CodeIgniter->handleRequest(NULL, Object(Config\Cache), false)
#6 /home/web2kelompok8my/public_html/public/index.php(37): CodeIgniter\CodeIgniter->run()
#7 {main}
CRITICAL - 2023-07-02 03:00:58 --> Invalid file: halo_view.php
#0 /home/web2kelompok8my/public_html/system/View/View.php(198): CodeIgniter\Exceptions\FrameworkException::forInvalidFile('halo_view.php')
#1 /home/web2kelompok8my/public_html/system/Common.php(1089): CodeIgniter\View\View->render('halo_view', Array, true)
#2 /home/web2kelompok8my/public_html/app/Controllers/Halo.php(11): view('halo_view', Array)
#3 /home/web2kelompok8my/public_html/system/CodeIgniter.php(832): App\Controllers\Halo->index()
#4 /home/web2kelompok8my/public_html/system/CodeIgniter.php(419): CodeIgniter\CodeIgniter->runController(Object(App\Controllers\Halo))
#5 /home/web2kelompok8my/public_html/system/CodeIgniter.php(326): CodeIgniter\CodeIgniter->handleRequest(NULL, Object(Config\Cache), false)
#6 /home/web2kelompok8my/public_html/public/index.php(37): CodeIgniter\CodeIgniter->run()
#7 {main}
CRITICAL - 2023-07-02 03:01:20 --> Class "CodeIgniter\Database\https\Connection" not found
#0 /home/web2kelompok8my/public_html/system/Database/Database.php(56): CodeIgniter\Database\Database->initDriver('https', 'CodeIgniter\\Dat...', Array)
#1 /home/web2kelompok8my/public_html/system/Database/Config.php(78): CodeIgniter\Database\Database->load(Array, 'default')
#2 /home/web2kelompok8my/public_html/system/Model.php(97): CodeIgniter\Database\Config::connect('default')
#3 /home/web2kelompok8my/public_html/app/Controllers/iuran.php(10): CodeIgniter\Model->__construct()
#4 /home/web2kelompok8my/public_html/system/CodeIgniter.php(832): App\Controllers\iuran->index()
#5 /home/web2kelompok8my/public_html/system/CodeIgniter.php(419): CodeIgniter\CodeIgniter->runController(Object(App\Controllers\iuran))
#6 /home/web2kelompok8my/public_html/system/CodeIgniter.php(326): CodeIgniter\CodeIgniter->handleRequest(NULL, Object(Config\Cache), false)
#7 /home/web2kelompok8my/public_html/public/index.php(37): CodeIgniter\CodeIgniter->run()
#8 {main}
CRITICAL - 2023-07-02 03:01:21 --> Class "CodeIgniter\Database\https\Connection" not found
#0 /home/web2kelompok8my/public_html/system/Database/Database.php(56): CodeIgniter\Database\Database->initDriver('https', 'CodeIgniter\\Dat...', Array)
#1 /home/web2kelompok8my/public_html/system/Database/Config.php(78): CodeIgniter\Database\Database->load(Array, 'default')
#2 /home/web2kelompok8my/public_html/system/Model.php(97): CodeIgniter\Database\Config::connect('default')
#3 /home/web2kelompok8my/public_html/app/Controllers/iuran.php(10): CodeIgniter\Model->__construct()
#4 /home/web2kelompok8my/public_html/system/CodeIgniter.php(832): App\Controllers\iuran->index()
#5 /home/web2kelompok8my/public_html/system/CodeIgniter.php(419): CodeIgniter\CodeIgniter->runController(Object(App\Controllers\iuran))
#6 /home/web2kelompok8my/public_html/system/CodeIgniter.php(326): CodeIgniter\CodeIgniter->handleRequest(NULL, Object(Config\Cache), false)
#7 /home/web2kelompok8my/public_html/public/index.php(37): CodeIgniter\CodeIgniter->run()
#8 {main}
CRITICAL - 2023-07-02 03:04:31 --> Cannot make static method CodeIgniter\Database\Config::connect() non static in class Config\Database
#0 [internal function]: CodeIgniter\Debug\Exceptions->shutdownHandler()
#1 {main}
CRITICAL - 2023-07-02 03:05:56 --> Declaration of Config\Database::connect(?string $group = null) must be compatible with CodeIgniter\Database\Config::connect($group = null, bool $getShared = true)
#0 [internal function]: CodeIgniter\Debug\Exceptions->shutdownHandler()
#1 {main}
CRITICAL - 2023-07-02 03:07:26 --> Declaration of Config\Database::connect(?string $group = null) must be compatible with CodeIgniter\Database\Config::connect($group = null, bool $getShared = true)
#0 [internal function]: CodeIgniter\Debug\Exceptions->shutdownHandler()
#1 {main}
CRITICAL - 2023-07-02 03:07:28 --> Declaration of Config\Database::connect(?string $group = null) must be compatible with CodeIgniter\Database\Config::connect($group = null, bool $getShared = true)
#0 [internal function]: CodeIgniter\Debug\Exceptions->shutdownHandler()
#1 {main}
CRITICAL - 2023-07-02 03:07:29 --> Declaration of Config\Database::connect(?string $group = null) must be compatible with CodeIgniter\Database\Config::connect($group = null, bool $getShared = true)
#0 [internal function]: CodeIgniter\Debug\Exceptions->shutdownHandler()
#1 {main}
CRITICAL - 2023-07-02 03:07:30 --> Declaration of Config\Database::connect(?string $group = null) must be compatible with CodeIgniter\Database\Config::connect($group = null, bool $getShared = true)
#0 [internal function]: CodeIgniter\Debug\Exceptions->shutdownHandler()
#1 {main}
CRITICAL - 2023-07-02 03:07:31 --> Declaration of Config\Database::connect(?string $group = null) must be compatible with CodeIgniter\Database\Config::connect($group = null, bool $getShared = true)
#0 [internal function]: CodeIgniter\Debug\Exceptions->shutdownHandler()
#1 {main}
CRITICAL - 2023-07-02 03:07:31 --> Declaration of Config\Database::connect(?string $group = null) must be compatible with CodeIgniter\Database\Config::connect($group = null, bool $getShared = true)
#0 [internal function]: CodeIgniter\Debug\Exceptions->shutdownHandler()
#1 {main}
CRITICAL - 2023-07-02 03:07:32 --> Declaration of Config\Database::connect(?string $group = null) must be compatible with CodeIgniter\Database\Config::connect($group = null, bool $getShared = true)
#0 [internal function]: CodeIgniter\Debug\Exceptions->shutdownHandler()
#1 {main}
